The system is: Windows - 10.0.18363 - AMD64
Compiling the CXX compiler identification source file "CMakeCXXCompilerId.cpp" succeeded.
Compiler: C:/Program Files (x86)/Microsoft Visual Studio/2019/Community/VC/Tools/MSVC/14.28.29333/bin/HostX64/x64/cl.exe 
Build flags: 
Id flags:  

The output was:
0
Compilateur d'optimisation Microsoft (R) C/C++ version 19.28.29333 pour x64
Copyright (C) Microsoft Corporation. Tous droits réservés.

CMakeCXXCompilerId.cpp
Microsoft (R) Incremental Linker Version 14.28.29333.0
Copyright (C) Microsoft Corporation.  All rights reserved.

/out:CMakeCXXCompilerId.exe 
CMakeCXXCompilerId.obj 


Compilation of the CXX compiler identification source "CMakeCXXCompilerId.cpp" produced "CMakeCXXCompilerId.exe"

Compilation of the CXX compiler identification source "CMakeCXXCompilerId.cpp" produced "CMakeCXXCompilerId.obj"

The CXX compiler identification is MSVC, found in "C:/Users/dougl/Desktop/Git_Server/no_mans_space/GRAPHICS/build-engine-Desktop_Qt_5_15_1_MSVC2019_64bit-Debug/CMakeFiles/3.17.1/CompilerIdCXX/CMakeCXXCompilerId.exe"

Determining if the CXX compiler works passed with the following output:
Change Dir: C:/Users/dougl/Desktop/Git_Server/no_mans_space/GRAPHICS/build-engine-Desktop_Qt_5_15_1_MSVC2019_64bit-Debug/CMakeFiles/CMakeTmp

Run Build Command(s):C:/PROGRA~2/MIB055~1/2019/COMMUN~1/Common7/IDE/COMMON~1/MICROS~1/CMake/Ninja/ninja.exe cmTC_ad3f6 && [1/2] Building CXX object CMakeFiles\cmTC_ad3f6.dir\testCXXCompiler.cxx.obj
[2/2] Linking CXX executable cmTC_ad3f6.exe



Detecting CXX compiler ABI info compiled with the following output:
Change Dir: C:/Users/dougl/Desktop/Git_Server/no_mans_space/GRAPHICS/build-engine-Desktop_Qt_5_15_1_MSVC2019_64bit-Debug/CMakeFiles/CMakeTmp

Run Build Command(s):C:/PROGRA~2/MIB055~1/2019/COMMUN~1/Common7/IDE/COMMON~1/MICROS~1/CMake/Ninja/ninja.exe cmTC_8f73b && [1/2] Building CXX object CMakeFiles\cmTC_8f73b.dir\CMakeCXXCompilerABI.cpp.obj
Remarque : inclusion du fichier :  G:\Qt\Tools\CMake_32\share\cmake-3.17\Modules\CMakeCompilerABI.h
[2/2] Linking CXX executable cmTC_8f73b.exe



