The system is: Windows - 10.0.19042 - AMD64
Compiling the CXX compiler identification source file "CMakeCXXCompilerId.cpp" succeeded.
Compiler:  
Build flags: 
Id flags:  

The output was:
0
Microsoft (R) Build Engine version 15.9.21+g9802d43bc3 pour .NET Framework
Copyright (C) Microsoft Corporation. Tous droits r‚serv‚s.

La g‚n‚ration a d‚marr‚ 08/01/2021 16:52:48.
Projet "C:\dev\Qt\MoteurJeu\Projet\no_mans_space\STRUCTURE\engine\ecsCpp\build\CMakeFiles\3.16.0-rc2\CompilerIdCXX\CompilerIdCXX.vcxproj" sur le noud 1 (cibles par d‚faut).
PrepareForBuild:
  Cr‚ation du r‚pertoire "Debug\".
  Cr‚ation du r‚pertoire "Debug\CompilerIdCXX.tlog\".
InitializeBuildStatus:
  Cr‚ation de "Debug\CompilerIdCXX.tlog\unsuccessfulbuild", car "AlwaysCreate" a ‚t‚ sp‚cifi‚.
VcpkgTripletSelection:
  Using triplet "x86-windows" from "C:\dev\vcpkg\vcpkg\scripts\buildsystems\msbuild\..\..\..\installed\x86-windows\"
ClCompile:
  F:\VisualStudio2017\VC\Tools\MSVC\14.16.27023\bin\HostX86\x86\CL.exe /c /I"C:\dev\vcpkg\vcpkg\scripts\buildsystems\msbuild\..\..\..\installed\x86-windows\include" /nologo /W0 /WX- /diagnostics:classic /Od /Oy- /D _MBCS /Gm- /EHsc /RTC1 /MDd /GS /fp:precise /Zc:wchar_t /Zc:forScope /Zc:inline /Fo"Debug\\" /Fd"Debug\vc141.pdb" /Gd /TP /analyze- /FC /errorReport:queue CMakeCXXCompilerId.cpp
  CMakeCXXCompilerId.cpp
Link:
  F:\VisualStudio2017\VC\Tools\MSVC\14.16.27023\bin\HostX86\x86\link.exe /ERRORREPORT:QUEUE /OUT:".\CompilerIdCXX.exe" /INCREMENTAL:NO /NOLOGO /LIBPATH:"C:\dev\vcpkg\vcpkg\scripts\buildsystems\msbuild\..\..\..\installed\x86-windows\debug\lib" /LIBPATH:"C:\dev\vcpkg\vcpkg\scripts\buildsystems\msbuild\..\..\..\installed\x86-windows\debug\lib\manual-link" kernel32.lib user32.lib gdi32.lib winspool.lib comdlg32.lib advapi32.lib shell32.lib ole32.lib oleaut32.lib uuid.lib odbc32.lib odbccp32.lib "C:\dev\vcpkg\vcpkg\scripts\buildsystems\msbuild\..\..\..\installed\x86-windows\debug\lib\*.lib" /MANIFEST /MANIFESTUAC:"level='asInvoker' uiAccess='false'" /manifest:embed /PDB:".\CompilerIdCXX.pdb" /SUBSYSTEM:CONSOLE /TLBID:1 /DYNAMICBASE /NXCOMPAT /IMPLIB:".\CompilerIdCXX.lib" /MACHINE:X86 /SAFESEH Debug\CMakeCXXCompilerId.obj
  CompilerIdCXX.vcxproj -> C:\dev\Qt\MoteurJeu\Projet\no_mans_space\STRUCTURE\engine\ecsCpp\build\CMakeFiles\3.16.0-rc2\CompilerIdCXX\.\CompilerIdCXX.exe
AppLocalFromInstalled:
  pwsh.exe -ExecutionPolicy Bypass -noprofile -File "C:\dev\vcpkg\vcpkg\scripts\buildsystems\msbuild\applocal.ps1" "C:\dev\Qt\MoteurJeu\Projet\no_mans_space\STRUCTURE\engine\ecsCpp\build\CMakeFiles\3.16.0-rc2\CompilerIdCXX\.\CompilerIdCXX.exe" "C:\dev\vcpkg\vcpkg\scripts\buildsystems\msbuild\..\..\..\installed\x86-windows\debug\bin" "Debug\CompilerIdCXX.tlog\CompilerIdCXX.write.1u.tlog" "Debug\vcpkg.applocal.log"
  'pwsh.exe' n'est pas reconnu en tant que commande interne
  ou externe, un programme ex‚cutable ou un fichier de commandes.
  La commande "pwsh.exe -ExecutionPolicy Bypass -noprofile -File "C:\dev\vcpkg\vcpkg\scripts\buildsystems\msbuild\applocal.ps1" "C:\dev\Qt\MoteurJeu\Projet\no_mans_space\STRUCTURE\engine\ecsCpp\build\CMakeFiles\3.16.0-rc2\CompilerIdCXX\.\CompilerIdCXX.exe" "C:\dev\vcpkg\vcpkg\scripts\buildsystems\msbuild\..\..\..\installed\x86-windows\debug\bin" "Debug\CompilerIdCXX.tlog\CompilerIdCXX.write.1u.tlog" "Debug\vcpkg.applocal.log"" s'est arrˆt‚e avec le code 9009.
  "C:\WINDOWS\System32\WindowsPowerShell\v1.0\powershell.exe" -ExecutionPolicy Bypass -noprofile -File "C:\dev\vcpkg\vcpkg\scripts\buildsystems\msbuild\applocal.ps1" "C:\dev\Qt\MoteurJeu\Projet\no_mans_space\STRUCTURE\engine\ecsCpp\build\CMakeFiles\3.16.0-rc2\CompilerIdCXX\.\CompilerIdCXX.exe" "C:\dev\vcpkg\vcpkg\scripts\buildsystems\msbuild\..\..\..\installed\x86-windows\debug\bin" "Debug\CompilerIdCXX.tlog\CompilerIdCXX.write.1u.tlog" "Debug\vcpkg.applocal.log"
PostBuildEvent:
  for %%i in (cl.exe) do @echo CMAKE_CXX_COMPILER=%%~$PATH:i
  :VCEnd
  CMAKE_CXX_COMPILER=F:\VisualStudio2017\VC\Tools\MSVC\14.16.27023\bin\Hostx86\x86\cl.exe
FinalizeBuildStatus:
  Suppression du fichier "Debug\CompilerIdCXX.tlog\unsuccessfulbuild".
  Mise … jour de l'horodatage "Debug\CompilerIdCXX.tlog\CompilerIdCXX.lastbuildstate".
G‚n‚ration du projet "C:\dev\Qt\MoteurJeu\Projet\no_mans_space\STRUCTURE\engine\ecsCpp\build\CMakeFiles\3.16.0-rc2\CompilerIdCXX\CompilerIdCXX.vcxproj" termin‚e (cibles par d‚faut).

La g‚n‚ration a r‚ussi.
    0 Avertissement(s)
    0 Erreur(s)

Temps ‚coul‚ 00:00:01.35


Compilation of the CXX compiler identification source "CMakeCXXCompilerId.cpp" produced "CompilerIdCXX.exe"

Compilation of the CXX compiler identification source "CMakeCXXCompilerId.cpp" produced "CompilerIdCXX.vcxproj"

The CXX compiler identification is MSVC, found in "C:/dev/Qt/MoteurJeu/Projet/no_mans_space/STRUCTURE/engine/ecsCpp/build/CMakeFiles/3.16.0-rc2/CompilerIdCXX/CompilerIdCXX.exe"

Determining if the CXX compiler works passed with the following output:
Change Dir: C:/dev/Qt/MoteurJeu/Projet/no_mans_space/STRUCTURE/engine/ecsCpp/build/CMakeFiles/CMakeTmp

Run Build Command(s):F:/VisualStudio2017/MSBuild/15.0/Bin/MSBuild.exe cmTC_b6578.vcxproj /p:Configuration=Debug /p:Platform=Win32 /p:VisualStudioVersion=15.0 /v:m && Microsoft (R) Build Engine version 15.9.21+g9802d43bc3 pour .NET Framework
Copyright (C) Microsoft Corporation. Tous droits r‚serv‚s.

  Microsoft (R) C/C++ Optimizing Compiler Version 19.16.27044 for x86
  Copyright (C) Microsoft Corporation.  All rights reserved.
  
  cl /c /I"C:\dev\vcpkg\vcpkg\scripts\buildsystems\msbuild\..\..\..\installed\x86-windows\include" /Zi /W3 /WX- /diagnostics:classic /Od /Ob0 /Oy- /D WIN32 /D _WINDOWS /D "CMAKE_INTDIR=\"Debug\"" /D _MBCS /Gm- /EHsc /RTC1 /MDd /GS /fp:precise /Zc:wchar_t /Zc:forScope /Zc:inline /GR /Fo"cmTC_b6578.dir\Debug\\" /Fd"cmTC_b6578.dir\Debug\vc141.pdb" /Gd /TP /analyze- /errorReport:queue C:\dev\Qt\MoteurJeu\Projet\no_mans_space\STRUCTURE\engine\ecsCpp\build\CMakeFiles\CMakeTmp\testCXXCompiler.cxx
  testCXXCompiler.cxx
  
  cmTC_b6578.vcxproj -> C:\dev\Qt\MoteurJeu\Projet\no_mans_space\STRUCTURE\engine\ecsCpp\build\CMakeFiles\CMakeTmp\Debug\cmTC_b6578.exe



Detecting CXX compiler ABI info compiled with the following output:
Change Dir: C:/dev/Qt/MoteurJeu/Projet/no_mans_space/STRUCTURE/engine/ecsCpp/build/CMakeFiles/CMakeTmp

Run Build Command(s):F:/VisualStudio2017/MSBuild/15.0/Bin/MSBuild.exe cmTC_10779.vcxproj /p:Configuration=Debug /p:Platform=Win32 /p:VisualStudioVersion=15.0 /v:m && Microsoft (R) Build Engine version 15.9.21+g9802d43bc3 pour .NET Framework
Copyright (C) Microsoft Corporation. Tous droits r‚serv‚s.

  Microsoft (R) C/C++ Optimizing Compiler Version 19.16.27044 for x86
  Copyright (C) Microsoft Corporation.  All rights reserved.
  
  cl /c /I"C:\dev\vcpkg\vcpkg\scripts\buildsystems\msbuild\..\..\..\installed\x86-windows\include" /Zi /W3 /WX- /diagnostics:classic /Od /Ob0 /Oy- /D WIN32 /D _WINDOWS /D "CMAKE_INTDIR=\"Debug\"" /D _MBCS /Gm- /EHsc /RTC1 /MDd /GS /fp:precise /Zc:wchar_t /Zc:forScope /Zc:inline /GR /Fo"cmTC_10779.dir\Debug\\" /Fd"cmTC_10779.dir\Debug\vc141.pdb" /Gd /TP /analyze- /errorReport:queue "F:\CMake\share\cmake-3.16\Modules\CMakeCXXCompilerABI.cpp"
  CMakeCXXCompilerABI.cpp
  
  cmTC_10779.vcxproj -> C:\dev\Qt\MoteurJeu\Projet\no_mans_space\STRUCTURE\engine\ecsCpp\build\CMakeFiles\CMakeTmp\Debug\cmTC_10779.exe



